{"/home/praktika/IdeaProjects/HangmanTDD/Backend/src/domain/Game.ts": {"path":"/home/praktika/IdeaProjects/HangmanTDD/Backend/src/domain/Game.ts","statementMap":{"0":{"start":{"line":1,"column":0},"end":{"line":1,"column":41}},"1":{"start":{"line":3,"column":0},"end":{"line":3,"column":13}},"2":{"start":{"line":14,"column":8},"end":{"line":14,"column":21}},"3":{"start":{"line":15,"column":8},"end":{"line":15,"column":45}},"4":{"start":{"line":16,"column":8},"end":{"line":16,"column":41}},"5":{"start":{"line":17,"column":8},"end":{"line":17,"column":39}},"6":{"start":{"line":18,"column":8},"end":{"line":18,"column":42}},"7":{"start":{"line":19,"column":8},"end":{"line":19,"column":46}},"8":{"start":{"line":20,"column":8},"end":{"line":20,"column":46}},"9":{"start":{"line":23,"column":12},"end":{"line":25,"column":null}},"10":{"start":{"line":24,"column":8},"end":{"line":24,"column":69}},"11":{"start":{"line":27,"column":12},"end":{"line":33,"column":null}},"12":{"start":{"line":27,"column":4},"end":{"line":27,"column":12}},"13":{"start":{"line":28,"column":8},"end":{"line":32,"column":20}},"14":{"start":{"line":29,"column":12},"end":{"line":30,"column":null}},"15":{"start":{"line":30,"column":16},"end":{"line":30,"column":null}},"16":{"start":{"line":31,"column":12},"end":{"line":31,"column":null}},"17":{"start":{"line":35,"column":12},"end":{"line":37,"column":null}},"18":{"start":{"line":36,"column":8},"end":{"line":36,"column":56}},"19":{"start":{"line":39,"column":12},"end":{"line":41,"column":null}},"20":{"start":{"line":40,"column":8},"end":{"line":40,"column":45}},"21":{"start":{"line":43,"column":12},"end":{"line":48,"column":null}},"22":{"start":{"line":44,"column":8},"end":{"line":47,"column":null}},"23":{"start":{"line":45,"column":12},"end":{"line":45,"column":34}},"24":{"start":{"line":47,"column":12},"end":{"line":47,"column":null}},"25":{"start":{"line":50,"column":12},"end":{"line":52,"column":null}},"26":{"start":{"line":51,"column":8},"end":{"line":51,"column":null}},"27":{"start":{"line":54,"column":12},"end":{"line":56,"column":null}},"28":{"start":{"line":55,"column":8},"end":{"line":55,"column":null}},"29":{"start":{"line":58,"column":4},"end":{"line":60,"column":null}},"30":{"start":{"line":59,"column":8},"end":{"line":59,"column":27}},"31":{"start":{"line":62,"column":4},"end":{"line":64,"column":null}},"32":{"start":{"line":63,"column":8},"end":{"line":63,"column":23}},"33":{"start":{"line":66,"column":4},"end":{"line":68,"column":null}},"34":{"start":{"line":67,"column":8},"end":{"line":67,"column":31}},"35":{"start":{"line":70,"column":4},"end":{"line":72,"column":null}},"36":{"start":{"line":71,"column":8},"end":{"line":71,"column":35}},"37":{"start":{"line":74,"column":4},"end":{"line":76,"column":null}},"38":{"start":{"line":75,"column":8},"end":{"line":75,"column":33}},"39":{"start":{"line":78,"column":4},"end":{"line":80,"column":null}},"40":{"start":{"line":79,"column":8},"end":{"line":79,"column":28}},"41":{"start":{"line":82,"column":4},"end":{"line":84,"column":null}},"42":{"start":{"line":83,"column":8},"end":{"line":83,"column":25}},"43":{"start":{"line":85,"column":0},"end":{"line":85,"column":null}},"44":{"start":{"line":3,"column":13},"end":{"line":3,"column":17}}},"fnMap":{"0":{"name":"(anonymous_0)","decl":{"start":{"line":3,"column":0},"end":{"line":3,"column":13}},"loc":{"start":{"line":3,"column":0},"end":{"line":85,"column":null}}},"1":{"name":"Game","decl":{"start":{"line":12,"column":4},"end":{"line":12,"column":16}},"loc":{"start":{"line":13,"column":20},"end":{"line":21,"column":5}}},"2":{"name":"(anonymous_2)","decl":{"start":{"line":23,"column":4},"end":{"line":23,"column":12}},"loc":{"start":{"line":23,"column":4},"end":{"line":25,"column":5}}},"3":{"name":"(anonymous_3)","decl":{"start":{"line":27,"column":4},"end":{"line":27,"column":12}},"loc":{"start":{"line":27,"column":4},"end":{"line":33,"column":5}}},"4":{"name":"(anonymous_4)","decl":{"start":{"line":28,"column":41},"end":{"line":28,"column":47}},"loc":{"start":{"line":28,"column":47},"end":{"line":32,"column":9}}},"5":{"name":"(anonymous_5)","decl":{"start":{"line":35,"column":4},"end":{"line":35,"column":12}},"loc":{"start":{"line":35,"column":42},"end":{"line":37,"column":5}}},"6":{"name":"(anonymous_6)","decl":{"start":{"line":39,"column":4},"end":{"line":39,"column":12}},"loc":{"start":{"line":39,"column":39},"end":{"line":41,"column":5}}},"7":{"name":"(anonymous_7)","decl":{"start":{"line":43,"column":4},"end":{"line":43,"column":12}},"loc":{"start":{"line":43,"column":4},"end":{"line":48,"column":5}}},"8":{"name":"(anonymous_8)","decl":{"start":{"line":50,"column":4},"end":{"line":50,"column":12}},"loc":{"start":{"line":50,"column":4},"end":{"line":52,"column":5}}},"9":{"name":"(anonymous_9)","decl":{"start":{"line":54,"column":4},"end":{"line":54,"column":12}},"loc":{"start":{"line":54,"column":4},"end":{"line":56,"column":5}}},"10":{"name":"(anonymous_10)","decl":{"start":{"line":58,"column":4},"end":{"line":58,"column":13}},"loc":{"start":{"line":58,"column":4},"end":{"line":60,"column":5}}},"11":{"name":"(anonymous_11)","decl":{"start":{"line":62,"column":4},"end":{"line":62,"column":9}},"loc":{"start":{"line":62,"column":4},"end":{"line":64,"column":5}}},"12":{"name":"(anonymous_12)","decl":{"start":{"line":66,"column":4},"end":{"line":66,"column":17}},"loc":{"start":{"line":66,"column":4},"end":{"line":68,"column":5}}},"13":{"name":"(anonymous_13)","decl":{"start":{"line":70,"column":4},"end":{"line":70,"column":21}},"loc":{"start":{"line":70,"column":4},"end":{"line":72,"column":5}}},"14":{"name":"(anonymous_14)","decl":{"start":{"line":74,"column":4},"end":{"line":74,"column":19}},"loc":{"start":{"line":74,"column":4},"end":{"line":76,"column":5}}},"15":{"name":"(anonymous_15)","decl":{"start":{"line":78,"column":4},"end":{"line":78,"column":14}},"loc":{"start":{"line":78,"column":4},"end":{"line":80,"column":5}}},"16":{"name":"(anonymous_16)","decl":{"start":{"line":82,"column":4},"end":{"line":82,"column":11}},"loc":{"start":{"line":82,"column":4},"end":{"line":84,"column":5}}}},"branchMap":{"0":{"loc":{"start":{"line":29,"column":12},"end":{"line":30,"column":null}},"type":"if","locations":[{"start":{"line":29,"column":12},"end":{"line":30,"column":null}}]},"1":{"loc":{"start":{"line":31,"column":19},"end":{"line":31,"column":56}},"type":"cond-expr","locations":[{"start":{"line":31,"column":47},"end":{"line":31,"column":50}},{"start":{"line":31,"column":53},"end":{"line":31,"column":56}}]},"2":{"loc":{"start":{"line":40,"column":15},"end":{"line":40,"column":44}},"type":"cond-expr","locations":[{"start":{"line":40,"column":32},"end":{"line":40,"column":36}},{"start":{"line":40,"column":39},"end":{"line":40,"column":44}}]},"3":{"loc":{"start":{"line":44,"column":8},"end":{"line":47,"column":null}},"type":"if","locations":[{"start":{"line":44,"column":8},"end":{"line":47,"column":null}},{"start":{"line":47,"column":12},"end":{"line":47,"column":null}}]},"4":{"loc":{"start":{"line":47,"column":19},"end":{"line":47,"column":93}},"type":"cond-expr","locations":[{"start":{"line":47,"column":54},"end":{"line":47,"column":69}},{"start":{"line":47,"column":72},"end":{"line":47,"column":93}}]}},"s":{"0":3,"1":3,"2":10,"3":10,"4":10,"5":10,"6":10,"7":10,"8":10,"9":3,"10":10,"11":3,"12":10,"13":10,"14":92,"15":23,"16":69,"17":3,"18":92,"19":3,"20":69,"21":3,"22":10,"23":4,"24":6,"25":3,"26":10,"27":3,"28":6,"29":3,"30":4,"31":3,"32":7,"33":3,"34":2,"35":3,"36":2,"37":3,"38":2,"39":3,"40":1,"41":3,"42":1,"43":3,"44":3},"f":{"0":3,"1":10,"2":10,"3":10,"4":92,"5":92,"6":69,"7":10,"8":10,"9":6,"10":4,"11":7,"12":2,"13":2,"14":2,"15":1,"16":1},"b":{"0":[23],"1":[12,57],"2":[12,57],"3":[4,6],"4":[1,5]}}
,"/home/praktika/IdeaProjects/HangmanTDD/Backend/src/domain/GameStatus.ts": {"path":"/home/praktika/IdeaProjects/HangmanTDD/Backend/src/domain/GameStatus.ts","statementMap":{"0":{"start":{"line":1,"column":0},"end":{"line":1,"column":null}},"1":{"start":{"line":2,"column":4},"end":{"line":2,"column":null}},"2":{"start":{"line":3,"column":4},"end":{"line":3,"column":null}},"3":{"start":{"line":4,"column":4},"end":{"line":4,"column":null}}},"fnMap":{"0":{"name":"(anonymous_0)","decl":{"start":{"line":1,"column":0},"end":{"line":1,"column":12}},"loc":{"start":{"line":1,"column":22},"end":{"line":5,"column":1}}}},"branchMap":{"0":{"loc":{"start":{"line":1,"column":12},"end":{"line":1,"column":null}},"type":"binary-expr","locations":[{"start":{"line":1,"column":12},"end":{"line":1,"column":22}},{"start":{"line":1,"column":12},"end":{"line":1,"column":null}}]}},"s":{"0":3,"1":3,"2":3,"3":3},"f":{"0":3},"b":{"0":[3,3]}}
,"/home/praktika/IdeaProjects/HangmanTDD/Backend/src/gateway/implementation/GamesStorage.ts": {"path":"/home/praktika/IdeaProjects/HangmanTDD/Backend/src/gateway/implementation/GamesStorage.ts","statementMap":{"0":{"start":{"line":1,"column":0},"end":{"line":1,"column":40}},"1":{"start":{"line":4,"column":0},"end":{"line":4,"column":13}},"2":{"start":{"line":8,"column":8},"end":{"line":8,"column":24}},"3":{"start":{"line":11,"column":4},"end":{"line":13,"column":null}},"4":{"start":{"line":12,"column":8},"end":{"line":12,"column":37}},"5":{"start":{"line":15,"column":4},"end":{"line":17,"column":null}},"6":{"start":{"line":16,"column":8},"end":{"line":16,"column":26}},"7":{"start":{"line":19,"column":4},"end":{"line":21,"column":null}},"8":{"start":{"line":20,"column":8},"end":{"line":20,"column":30}},"9":{"start":{"line":23,"column":4},"end":{"line":28,"column":null}},"10":{"start":{"line":24,"column":26},"end":{"line":24,"column":46}},"11":{"start":{"line":25,"column":8},"end":{"line":26,"column":29}},"12":{"start":{"line":26,"column":12},"end":{"line":26,"column":29}},"13":{"start":{"line":27,"column":8},"end":{"line":27,"column":39}},"14":{"start":{"line":30,"column":12},"end":{"line":32,"column":null}},"15":{"start":{"line":31,"column":8},"end":{"line":31,"column":60}},"16":{"start":{"line":31,"column":39},"end":{"line":31,"column":59}},"17":{"start":{"line":34,"column":4},"end":{"line":42,"column":null}},"18":{"start":{"line":35,"column":26},"end":{"line":35,"column":46}},"19":{"start":{"line":36,"column":8},"end":{"line":40,"column":null}},"20":{"start":{"line":37,"column":39},"end":{"line":37,"column":75}},"21":{"start":{"line":38,"column":12},"end":{"line":39,"column":74}},"22":{"start":{"line":39,"column":16},"end":{"line":39,"column":74}},"23":{"start":{"line":41,"column":8},"end":{"line":41,"column":32}},"24":{"start":{"line":44,"column":12},"end":{"line":46,"column":null}},"25":{"start":{"line":45,"column":8},"end":{"line":45,"column":40}},"26":{"start":{"line":48,"column":12},"end":{"line":50,"column":null}},"27":{"start":{"line":49,"column":8},"end":{"line":49,"column":null}},"28":{"start":{"line":52,"column":12},"end":{"line":54,"column":null}},"29":{"start":{"line":53,"column":8},"end":{"line":53,"column":33}},"30":{"start":{"line":56,"column":12},"end":{"line":58,"column":null}},"31":{"start":{"line":57,"column":8},"end":{"line":57,"column":27}},"32":{"start":{"line":59,"column":0},"end":{"line":59,"column":null}},"33":{"start":{"line":4,"column":13},"end":{"line":4,"column":25}}},"fnMap":{"0":{"name":"(anonymous_0)","decl":{"start":{"line":4,"column":0},"end":{"line":4,"column":13}},"loc":{"start":{"line":4,"column":0},"end":{"line":59,"column":null}}},"1":{"name":"GamesStorage","decl":{"start":{"line":7,"column":4},"end":{"line":7,"column":null}},"loc":{"start":{"line":7,"column":4},"end":{"line":9,"column":5}}},"2":{"name":"(anonymous_2)","decl":{"start":{"line":11,"column":4},"end":{"line":11,"column":14}},"loc":{"start":{"line":11,"column":4},"end":{"line":13,"column":5}}},"3":{"name":"(anonymous_3)","decl":{"start":{"line":15,"column":4},"end":{"line":15,"column":12}},"loc":{"start":{"line":15,"column":4},"end":{"line":17,"column":5}}},"4":{"name":"(anonymous_4)","decl":{"start":{"line":19,"column":4},"end":{"line":19,"column":11}},"loc":{"start":{"line":19,"column":22},"end":{"line":21,"column":5}}},"5":{"name":"(anonymous_5)","decl":{"start":{"line":23,"column":4},"end":{"line":23,"column":11}},"loc":{"start":{"line":23,"column":22},"end":{"line":28,"column":5}}},"6":{"name":"(anonymous_6)","decl":{"start":{"line":30,"column":4},"end":{"line":30,"column":12}},"loc":{"start":{"line":30,"column":34},"end":{"line":32,"column":5}}},"7":{"name":"(anonymous_7)","decl":{"start":{"line":31,"column":31},"end":{"line":31,"column":35}},"loc":{"start":{"line":31,"column":35},"end":{"line":31,"column":43}}},"8":{"name":"(anonymous_8)","decl":{"start":{"line":34,"column":4},"end":{"line":34,"column":14}},"loc":{"start":{"line":34,"column":37},"end":{"line":42,"column":5}}},"9":{"name":"(anonymous_9)","decl":{"start":{"line":44,"column":4},"end":{"line":44,"column":12}},"loc":{"start":{"line":44,"column":43},"end":{"line":46,"column":5}}},"10":{"name":"(anonymous_10)","decl":{"start":{"line":48,"column":4},"end":{"line":48,"column":12}},"loc":{"start":{"line":48,"column":38},"end":{"line":50,"column":5}}},"11":{"name":"(anonymous_11)","decl":{"start":{"line":52,"column":4},"end":{"line":52,"column":12}},"loc":{"start":{"line":52,"column":57},"end":{"line":54,"column":5}}},"12":{"name":"(anonymous_12)","decl":{"start":{"line":56,"column":4},"end":{"line":56,"column":12}},"loc":{"start":{"line":56,"column":34},"end":{"line":58,"column":5}}}},"branchMap":{"0":{"loc":{"start":{"line":25,"column":8},"end":{"line":26,"column":29}},"type":"if","locations":[{"start":{"line":25,"column":8},"end":{"line":26,"column":29}}]},"1":{"loc":{"start":{"line":36,"column":8},"end":{"line":40,"column":null}},"type":"if","locations":[{"start":{"line":36,"column":8},"end":{"line":40,"column":null}}]},"2":{"loc":{"start":{"line":38,"column":12},"end":{"line":39,"column":74}},"type":"if","locations":[{"start":{"line":38,"column":12},"end":{"line":39,"column":74}}]}},"s":{"0":1,"1":1,"2":7,"3":1,"4":1,"5":1,"6":1,"7":1,"8":5,"9":1,"10":4,"11":4,"12":3,"13":1,"14":1,"15":6,"16":4,"17":1,"18":2,"19":2,"20":1,"21":1,"22":1,"23":1,"24":1,"25":1,"26":1,"27":1,"28":1,"29":1,"30":1,"31":1,"32":1,"33":1},"f":{"0":1,"1":7,"2":1,"3":1,"4":5,"5":4,"6":6,"7":4,"8":2,"9":1,"10":1,"11":1,"12":1},"b":{"0":[3],"1":[1],"2":[1]}}
,"/home/praktika/IdeaProjects/HangmanTDD/Backend/src/gateway/implementation/WordsFromFile.ts": {"path":"/home/praktika/IdeaProjects/HangmanTDD/Backend/src/gateway/implementation/WordsFromFile.ts","statementMap":{"0":{"start":{"line":1,"column":0},"end":{"line":1,"column":25}},"1":{"start":{"line":2,"column":0},"end":{"line":2,"column":29}},"2":{"start":{"line":5,"column":0},"end":{"line":5,"column":13}},"3":{"start":{"line":9,"column":8},"end":{"line":9,"column":33}},"4":{"start":{"line":12,"column":12},"end":{"line":14,"column":null}},"5":{"start":{"line":13,"column":8},"end":{"line":13,"column":88}},"6":{"start":{"line":16,"column":4},"end":{"line":20,"column":null}},"7":{"start":{"line":17,"column":30},"end":{"line":17,"column":46}},"8":{"start":{"line":18,"column":8},"end":{"line":19,"column":null}},"9":{"start":{"line":22,"column":0},"end":{"line":22,"column":null}},"10":{"start":{"line":5,"column":13},"end":{"line":5,"column":26}}},"fnMap":{"0":{"name":"(anonymous_6)","decl":{"start":{"line":5,"column":0},"end":{"line":5,"column":13}},"loc":{"start":{"line":5,"column":0},"end":{"line":22,"column":null}}},"1":{"name":"WordsFromFile","decl":{"start":{"line":8,"column":4},"end":{"line":8,"column":16}},"loc":{"start":{"line":8,"column":32},"end":{"line":10,"column":5}}},"2":{"name":"(anonymous_8)","decl":{"start":{"line":12,"column":4},"end":{"line":12,"column":12}},"loc":{"start":{"line":12,"column":4},"end":{"line":14,"column":5}}},"3":{"name":"(anonymous_9)","decl":{"start":{"line":16,"column":4},"end":{"line":16,"column":12}},"loc":{"start":{"line":16,"column":4},"end":{"line":20,"column":5}}}},"branchMap":{},"s":{"0":1,"1":1,"2":1,"3":1,"4":1,"5":1,"6":1,"7":1,"8":1,"9":1,"10":1},"f":{"0":1,"1":1,"2":1,"3":1},"b":{}}
,"/home/praktika/IdeaProjects/HangmanTDD/Backend/src/usecase/implementation/CreateGameInteractor.ts": {"path":"/home/praktika/IdeaProjects/HangmanTDD/Backend/src/usecase/implementation/CreateGameInteractor.ts","statementMap":{"0":{"start":{"line":2,"column":0},"end":{"line":2,"column":41}},"1":{"start":{"line":3,"column":0},"end":{"line":3,"column":54}},"2":{"start":{"line":9,"column":0},"end":{"line":9,"column":13}},"3":{"start":{"line":15,"column":8},"end":{"line":15,"column":41}},"4":{"start":{"line":16,"column":8},"end":{"line":16,"column":41}},"5":{"start":{"line":17,"column":8},"end":{"line":17,"column":55}},"6":{"start":{"line":20,"column":4},"end":{"line":30,"column":null}},"7":{"start":{"line":22,"column":12},"end":{"line":26,"column":null}},"8":{"start":{"line":28,"column":8},"end":{"line":28,"column":43}},"9":{"start":{"line":29,"column":8},"end":{"line":29,"column":54}},"10":{"start":{"line":31,"column":0},"end":{"line":31,"column":null}},"11":{"start":{"line":9,"column":13},"end":{"line":9,"column":33}}},"fnMap":{"0":{"name":"(anonymous_0)","decl":{"start":{"line":9,"column":0},"end":{"line":9,"column":13}},"loc":{"start":{"line":9,"column":0},"end":{"line":31,"column":null}}},"1":{"name":"CreateGameInteractor","decl":{"start":{"line":14,"column":4},"end":{"line":14,"column":16}},"loc":{"start":{"line":14,"column":70},"end":{"line":18,"column":5}}},"2":{"name":"(anonymous_2)","decl":{"start":{"line":20,"column":4},"end":{"line":20,"column":14}},"loc":{"start":{"line":20,"column":4},"end":{"line":30,"column":5}}}},"branchMap":{},"s":{"0":1,"1":1,"2":1,"3":1,"4":1,"5":1,"6":1,"7":1,"8":1,"9":1,"10":1,"11":1},"f":{"0":1,"1":1,"2":1},"b":{}}
,"/home/praktika/IdeaProjects/HangmanTDD/Backend/src/usecase/implementation/GameD2BConverter.ts": {"path":"/home/praktika/IdeaProjects/HangmanTDD/Backend/src/usecase/implementation/GameD2BConverter.ts","statementMap":{"0":{"start":{"line":2,"column":0},"end":{"line":2,"column":53}},"1":{"start":{"line":4,"column":0},"end":{"line":4,"column":13}},"2":{"start":{"line":5,"column":4},"end":{"line":12,"column":null}},"3":{"start":{"line":6,"column":8},"end":{"line":11,"column":null}},"4":{"start":{"line":13,"column":0},"end":{"line":13,"column":null}},"5":{"start":{"line":4,"column":13},"end":{"line":4,"column":29}}},"fnMap":{"0":{"name":"(anonymous_0)","decl":{"start":{"line":4,"column":0},"end":{"line":4,"column":13}},"loc":{"start":{"line":4,"column":0},"end":{"line":13,"column":null}}},"1":{"name":"(anonymous_2)","decl":{"start":{"line":5,"column":4},"end":{"line":5,"column":11}},"loc":{"start":{"line":5,"column":22},"end":{"line":12,"column":5}}}},"branchMap":{},"s":{"0":1,"1":1,"2":1,"3":1,"4":1,"5":1},"f":{"0":2,"1":1},"b":{}}
,"/home/praktika/IdeaProjects/HangmanTDD/Backend/src/usecase/model/BoundaryGame.ts": {"path":"/home/praktika/IdeaProjects/HangmanTDD/Backend/src/usecase/model/BoundaryGame.ts","statementMap":{"0":{"start":{"line":1,"column":0},"end":{"line":1,"column":13}},"1":{"start":{"line":9,"column":8},"end":{"line":9,"column":21}},"2":{"start":{"line":10,"column":8},"end":{"line":10,"column":45}},"3":{"start":{"line":11,"column":8},"end":{"line":11,"column":41}},"4":{"start":{"line":12,"column":8},"end":{"line":12,"column":37}},"5":{"start":{"line":15,"column":4},"end":{"line":17,"column":null}},"6":{"start":{"line":16,"column":8},"end":{"line":16,"column":23}},"7":{"start":{"line":19,"column":4},"end":{"line":21,"column":null}},"8":{"start":{"line":20,"column":8},"end":{"line":20,"column":35}},"9":{"start":{"line":23,"column":4},"end":{"line":25,"column":null}},"10":{"start":{"line":24,"column":8},"end":{"line":24,"column":33}},"11":{"start":{"line":27,"column":4},"end":{"line":29,"column":null}},"12":{"start":{"line":28,"column":8},"end":{"line":28,"column":31}},"13":{"start":{"line":30,"column":0},"end":{"line":30,"column":null}},"14":{"start":{"line":1,"column":13},"end":{"line":1,"column":25}}},"fnMap":{"0":{"name":"(anonymous_0)","decl":{"start":{"line":1,"column":0},"end":{"line":1,"column":13}},"loc":{"start":{"line":1,"column":0},"end":{"line":30,"column":null}}},"1":{"name":"BoundaryGame","decl":{"start":{"line":7,"column":4},"end":{"line":7,"column":16}},"loc":{"start":{"line":8,"column":26},"end":{"line":13,"column":5}}},"2":{"name":"(anonymous_2)","decl":{"start":{"line":15,"column":4},"end":{"line":15,"column":9}},"loc":{"start":{"line":15,"column":4},"end":{"line":17,"column":5}}},"3":{"name":"(anonymous_3)","decl":{"start":{"line":19,"column":4},"end":{"line":19,"column":21}},"loc":{"start":{"line":19,"column":4},"end":{"line":21,"column":5}}},"4":{"name":"(anonymous_4)","decl":{"start":{"line":23,"column":4},"end":{"line":23,"column":19}},"loc":{"start":{"line":23,"column":4},"end":{"line":25,"column":5}}},"5":{"name":"(anonymous_5)","decl":{"start":{"line":27,"column":4},"end":{"line":27,"column":17}},"loc":{"start":{"line":27,"column":4},"end":{"line":29,"column":5}}}},"branchMap":{},"s":{"0":1,"1":1,"2":1,"3":1,"4":1,"5":1,"6":1,"7":1,"8":1,"9":1,"10":1,"11":1,"12":1,"13":1,"14":1},"f":{"0":1,"1":1,"2":1,"3":1,"4":1,"5":1},"b":{}}
}
