TN:
SF:src/domain/Game.ts
FN:3,(anonymous_0)
FN:12,Game
FN:23,(anonymous_2)
FN:27,(anonymous_3)
FN:28,(anonymous_4)
FN:35,(anonymous_5)
FN:39,(anonymous_6)
FN:43,(anonymous_7)
FN:50,(anonymous_8)
FN:54,(anonymous_9)
FN:58,(anonymous_10)
FN:62,(anonymous_11)
FN:66,(anonymous_12)
FN:70,(anonymous_13)
FN:74,(anonymous_14)
FN:78,(anonymous_15)
FN:82,(anonymous_16)
FNF:17
FNH:17
FNDA:5,(anonymous_0)
FNDA:14,Game
FNDA:14,(anonymous_2)
FNDA:14,(anonymous_3)
FNDA:108,(anonymous_4)
FNDA:108,(anonymous_5)
FNDA:81,(anonymous_6)
FNDA:14,(anonymous_7)
FNDA:14,(anonymous_8)
FNDA:10,(anonymous_9)
FNDA:4,(anonymous_10)
FNDA:11,(anonymous_11)
FNDA:5,(anonymous_12)
FNDA:5,(anonymous_13)
FNDA:5,(anonymous_14)
FNDA:1,(anonymous_15)
FNDA:2,(anonymous_16)
DA:1,5
DA:3,5
DA:14,14
DA:15,14
DA:16,14
DA:17,14
DA:18,14
DA:19,14
DA:20,14
DA:23,5
DA:24,14
DA:27,14
DA:28,14
DA:29,108
DA:30,27
DA:31,81
DA:35,5
DA:36,108
DA:39,5
DA:40,81
DA:43,5
DA:44,14
DA:45,4
DA:47,10
DA:50,5
DA:51,14
DA:54,5
DA:55,10
DA:58,5
DA:59,4
DA:62,5
DA:63,11
DA:66,5
DA:67,5
DA:70,5
DA:71,5
DA:74,5
DA:75,5
DA:78,5
DA:79,1
DA:82,5
DA:83,2
DA:85,5
LF:43
LH:43
BRDA:29,0,0,27
BRDA:31,1,0,12
BRDA:31,1,1,69
BRDA:40,2,0,12
BRDA:40,2,1,69
BRDA:44,3,0,4
BRDA:44,3,1,10
BRDA:47,4,0,1
BRDA:47,4,1,9
BRF:9
BRH:9
end_of_record
TN:
SF:src/domain/GameStatus.ts
FN:1,(anonymous_0)
FNF:1
FNH:1
FNDA:5,(anonymous_0)
DA:1,5
DA:2,5
DA:3,5
DA:4,5
LF:4
LH:4
BRDA:1,0,0,5
BRDA:1,0,1,5
BRF:2
BRH:2
end_of_record
TN:
SF:src/gateway/implementation/GamesStorage.ts
FN:4,(anonymous_0)
FN:7,GamesStorage
FN:11,(anonymous_2)
FN:15,(anonymous_3)
FN:19,(anonymous_4)
FN:23,(anonymous_5)
FN:30,(anonymous_6)
FN:31,(anonymous_7)
FN:34,(anonymous_8)
FN:44,(anonymous_9)
FN:48,(anonymous_10)
FN:52,(anonymous_11)
FN:56,(anonymous_12)
FNF:13
FNH:13
FNDA:1,(anonymous_0)
FNDA:7,GamesStorage
FNDA:1,(anonymous_2)
FNDA:1,(anonymous_3)
FNDA:5,(anonymous_4)
FNDA:4,(anonymous_5)
FNDA:6,(anonymous_6)
FNDA:4,(anonymous_7)
FNDA:2,(anonymous_8)
FNDA:1,(anonymous_9)
FNDA:1,(anonymous_10)
FNDA:1,(anonymous_11)
FNDA:1,(anonymous_12)
DA:1,1
DA:4,1
DA:8,7
DA:11,1
DA:12,1
DA:15,1
DA:16,1
DA:19,1
DA:20,5
DA:23,1
DA:24,4
DA:25,4
DA:26,3
DA:27,1
DA:30,1
DA:31,6
DA:34,1
DA:35,2
DA:36,2
DA:37,1
DA:38,1
DA:39,1
DA:41,1
DA:44,1
DA:45,1
DA:48,1
DA:49,1
DA:52,1
DA:53,1
DA:56,1
DA:57,1
DA:59,1
LF:32
LH:32
BRDA:25,0,0,3
BRDA:36,1,0,1
BRDA:38,2,0,1
BRF:3
BRH:3
end_of_record
TN:
SF:src/gateway/implementation/WordsFromFile.ts
FN:5,(anonymous_6)
FN:8,WordsFromFile
FN:12,(anonymous_8)
FN:16,(anonymous_9)
FNF:4
FNH:4
FNDA:1,(anonymous_6)
FNDA:1,WordsFromFile
FNDA:1,(anonymous_8)
FNDA:1,(anonymous_9)
DA:1,1
DA:2,1
DA:5,1
DA:9,1
DA:12,1
DA:13,1
DA:16,1
DA:17,1
DA:18,1
DA:22,1
LF:10
LH:10
BRF:0
BRH:0
end_of_record
TN:
SF:src/usecase/implementation/CreateGameInteractor.ts
FN:9,(anonymous_0)
FN:14,CreateGameInteractor
FN:20,(anonymous_2)
FNF:3
FNH:3
FNDA:1,(anonymous_0)
FNDA:1,CreateGameInteractor
FNDA:1,(anonymous_2)
DA:2,1
DA:3,1
DA:9,1
DA:15,1
DA:16,1
DA:17,1
DA:20,1
DA:22,1
DA:28,1
DA:29,1
DA:31,1
LF:11
LH:11
BRF:0
BRH:0
end_of_record
TN:
SF:src/usecase/implementation/GameD2BConverter.ts
FN:4,(anonymous_0)
FN:5,(anonymous_2)
FN:14,(anonymous_3)
FNF:3
FNH:3
FNDA:6,(anonymous_0)
FNDA:3,(anonymous_2)
FNDA:1,(anonymous_3)
DA:1,3
DA:2,3
DA:4,3
DA:5,3
DA:6,3
DA:14,3
DA:15,1
DA:22,3
LF:8
LH:8
BRF:0
BRH:0
end_of_record
TN:
SF:src/usecase/implementation/UpdateGameInteractor.ts
FN:7,(anonymous_0)
FN:11,UpdateGameInteractor
FN:16,(anonymous_2)
FN:23,(anonymous_3)
FN:28,(anonymous_4)
FNF:5
FNH:5
FNDA:1,(anonymous_0)
FNDA:1,UpdateGameInteractor
FNDA:1,(anonymous_2)
FNDA:1,(anonymous_3)
FNDA:2,(anonymous_4)
DA:5,1
DA:7,1
DA:12,1
DA:13,1
DA:16,1
DA:17,1
DA:18,1
DA:19,1
DA:20,1
DA:23,1
DA:24,1
DA:28,1
DA:29,2
DA:31,1
LF:14
LH:14
BRF:0
BRH:0
end_of_record
TN:
SF:src/usecase/model/BoundaryGame.ts
FN:1,(anonymous_0)
FN:7,BoundaryGame
FN:15,(anonymous_2)
FN:19,(anonymous_3)
FN:23,(anonymous_4)
FN:27,(anonymous_5)
FNF:6
FNH:6
FNDA:3,(anonymous_0)
FNDA:5,BoundaryGame
FNDA:5,(anonymous_2)
FNDA:3,(anonymous_3)
FNDA:3,(anonymous_4)
FNDA:2,(anonymous_5)
DA:1,3
DA:9,5
DA:10,5
DA:11,5
DA:12,5
DA:15,3
DA:16,5
DA:19,3
DA:20,3
DA:23,3
DA:24,3
DA:27,3
DA:28,2
DA:30,3
LF:14
LH:14
BRF:0
BRH:0
end_of_record
