TN:
SF:src/domain/Game.ts
FN:3,(anonymous_0)
FN:12,Game
FN:23,(anonymous_2)
FN:27,(anonymous_3)
FN:28,(anonymous_4)
FN:35,(anonymous_5)
FN:39,(anonymous_6)
FN:43,(anonymous_7)
FN:50,(anonymous_8)
FN:54,(anonymous_9)
FN:58,(anonymous_10)
FN:62,(anonymous_11)
FN:66,(anonymous_12)
FN:70,(anonymous_13)
FN:74,(anonymous_14)
FN:78,(anonymous_15)
FN:82,(anonymous_16)
FNF:17
FNH:17
FNDA:3,(anonymous_0)
FNDA:10,Game
FNDA:10,(anonymous_2)
FNDA:10,(anonymous_3)
FNDA:92,(anonymous_4)
FNDA:92,(anonymous_5)
FNDA:69,(anonymous_6)
FNDA:10,(anonymous_7)
FNDA:10,(anonymous_8)
FNDA:6,(anonymous_9)
FNDA:4,(anonymous_10)
FNDA:7,(anonymous_11)
FNDA:2,(anonymous_12)
FNDA:2,(anonymous_13)
FNDA:2,(anonymous_14)
FNDA:1,(anonymous_15)
FNDA:1,(anonymous_16)
DA:1,3
DA:3,3
DA:14,10
DA:15,10
DA:16,10
DA:17,10
DA:18,10
DA:19,10
DA:20,10
DA:23,3
DA:24,10
DA:27,10
DA:28,10
DA:29,92
DA:30,23
DA:31,69
DA:35,3
DA:36,92
DA:39,3
DA:40,69
DA:43,3
DA:44,10
DA:45,4
DA:47,6
DA:50,3
DA:51,10
DA:54,3
DA:55,6
DA:58,3
DA:59,4
DA:62,3
DA:63,7
DA:66,3
DA:67,2
DA:70,3
DA:71,2
DA:74,3
DA:75,2
DA:78,3
DA:79,1
DA:82,3
DA:83,1
DA:85,3
LF:43
LH:43
BRDA:29,0,0,23
BRDA:31,1,0,12
BRDA:31,1,1,57
BRDA:40,2,0,12
BRDA:40,2,1,57
BRDA:44,3,0,4
BRDA:44,3,1,6
BRDA:47,4,0,1
BRDA:47,4,1,5
BRF:9
BRH:9
end_of_record
TN:
SF:src/domain/GameStatus.ts
FN:1,(anonymous_0)
FNF:1
FNH:1
FNDA:3,(anonymous_0)
DA:1,3
DA:2,3
DA:3,3
DA:4,3
LF:4
LH:4
BRDA:1,0,0,3
BRDA:1,0,1,3
BRF:2
BRH:2
end_of_record
TN:
SF:src/gateway/implementation/GamesStorage.ts
FN:4,(anonymous_0)
FN:7,GamesStorage
FN:11,(anonymous_2)
FN:15,(anonymous_3)
FN:19,(anonymous_4)
FN:23,(anonymous_5)
FN:30,(anonymous_6)
FN:31,(anonymous_7)
FN:34,(anonymous_8)
FN:44,(anonymous_9)
FN:48,(anonymous_10)
FN:52,(anonymous_11)
FN:56,(anonymous_12)
FNF:13
FNH:13
FNDA:1,(anonymous_0)
FNDA:7,GamesStorage
FNDA:1,(anonymous_2)
FNDA:1,(anonymous_3)
FNDA:5,(anonymous_4)
FNDA:4,(anonymous_5)
FNDA:6,(anonymous_6)
FNDA:4,(anonymous_7)
FNDA:2,(anonymous_8)
FNDA:1,(anonymous_9)
FNDA:1,(anonymous_10)
FNDA:1,(anonymous_11)
FNDA:1,(anonymous_12)
DA:1,1
DA:4,1
DA:8,7
DA:11,1
DA:12,1
DA:15,1
DA:16,1
DA:19,1
DA:20,5
DA:23,1
DA:24,4
DA:25,4
DA:26,3
DA:27,1
DA:30,1
DA:31,6
DA:34,1
DA:35,2
DA:36,2
DA:37,1
DA:38,1
DA:39,1
DA:41,1
DA:44,1
DA:45,1
DA:48,1
DA:49,1
DA:52,1
DA:53,1
DA:56,1
DA:57,1
DA:59,1
LF:32
LH:32
BRDA:25,0,0,3
BRDA:36,1,0,1
BRDA:38,2,0,1
BRF:3
BRH:3
end_of_record
TN:
SF:src/gateway/implementation/WordsFromFile.ts
FN:5,(anonymous_6)
FN:8,WordsFromFile
FN:12,(anonymous_8)
FN:16,(anonymous_9)
FNF:4
FNH:4
FNDA:1,(anonymous_6)
FNDA:1,WordsFromFile
FNDA:1,(anonymous_8)
FNDA:1,(anonymous_9)
DA:1,1
DA:2,1
DA:5,1
DA:9,1
DA:12,1
DA:13,1
DA:16,1
DA:17,1
DA:18,1
DA:22,1
LF:10
LH:10
BRF:0
BRH:0
end_of_record
TN:
SF:src/usecase/implementation/CreateGameInteractor.ts
FN:9,(anonymous_0)
FN:14,CreateGameInteractor
FN:20,(anonymous_2)
FNF:3
FNH:3
FNDA:1,(anonymous_0)
FNDA:1,CreateGameInteractor
FNDA:1,(anonymous_2)
DA:2,1
DA:3,1
DA:9,1
DA:15,1
DA:16,1
DA:17,1
DA:20,1
DA:22,1
DA:28,1
DA:29,1
DA:31,1
LF:11
LH:11
BRF:0
BRH:0
end_of_record
TN:
SF:src/usecase/implementation/GameD2BConverter.ts
FN:4,(anonymous_0)
FN:5,(anonymous_2)
FNF:2
FNH:2
FNDA:2,(anonymous_0)
FNDA:1,(anonymous_2)
DA:2,1
DA:4,1
DA:5,1
DA:6,1
DA:13,1
LF:5
LH:5
BRF:0
BRH:0
end_of_record
TN:
SF:src/usecase/model/BoundaryGame.ts
FN:1,(anonymous_0)
FN:7,BoundaryGame
FN:15,(anonymous_2)
FN:19,(anonymous_3)
FN:23,(anonymous_4)
FN:27,(anonymous_5)
FNF:6
FNH:6
FNDA:1,(anonymous_0)
FNDA:1,BoundaryGame
FNDA:1,(anonymous_2)
FNDA:1,(anonymous_3)
FNDA:1,(anonymous_4)
FNDA:1,(anonymous_5)
DA:1,1
DA:9,1
DA:10,1
DA:11,1
DA:12,1
DA:15,1
DA:16,1
DA:19,1
DA:20,1
DA:23,1
DA:24,1
DA:27,1
DA:28,1
DA:30,1
LF:14
LH:14
BRF:0
BRH:0
end_of_record
